Binance spot - eur - 0
Binance spot - usd - 0
Binance earn - usd - 0
Gate.io - usd - 24.51545
Gate.io Liquidity - usd - 0
Binance earn - eur - 0
Gate.io Liquidity - eur - 0
Gate.io - eur - 20.7
Binance spot - btc - 0
Gate.io - btc - 0.00021
Binance earn - btc - 0
Gate.io Liquidity - btc - 0
Binance spot - usd - 0
Binance earn - usd - 0
Gate.io - usd - 24.51545
Gate.io Liquidity - usd - 0
Binance earn - eur - 0
Binance spot - eur - 0
Gate.io - eur - 20.7
Gate.io Liquidity - eur - 0
Binance spot - btc - 0
Gate.io Liquidity - btc - 0
Binance earn - btc - 0
Gate.io - btc - 0.00021
Binance earn - usd - 0
Binance spot - usd - 0
Gate.io Liquidity - usd - 0
Gate.io - usd - 24.51545
Binance earn - eur - 0
Binance spot - eur - 0
Gate.io - eur - 20.7
Binance spot - btc - 0
Gate.io Liquidity - eur - 0
Binance earn - btc - 0
Gate.io Liquidity - btc - 0
Gate.io - btc - 0.00021
Binance spot - usd - 0
Binance earn - usd - 0
Gate.io Liquidity - usd - 0
Binance spot - eur - 0
Gate.io - usd - 24.51545
Binance earn - eur - 0
Gate.io - eur - 20.7
Gate.io Liquidity - eur - 0
Binance spot - btc - 0
Binance earn - btc - 0
Gate.io - btc - 0.00021
Gate.io Liquidity - btc - 0
Gate.io Liquidity - eur - 0
Binance spot - usd - 0
Binance earn - usd - 0
Gate.io - usd - 24.51545
Binance spot - btc - 0
Binance spot - eur - 0
Binance earn - eur - 0
Gate.io - eur - 20.7
Gate.io Liquidity - usd - 0
Gate.io Liquidity - btc - 0
Gate.io - btc - 0.00021
Binance earn - btc - 0
